<?xml version="1.0" encoding="UTF-8"?>
<testsuite xmlns:xsi="http://www.w3.org/2001/XMLSchema-instance" xsi:noNamespaceSchemaLocation="https://maven.apache.org/surefire/maven-surefire-plugin/xsd/surefire-test-report-3.0.xsd" version="3.0" name="edu.berkeley.cs.jqf.fuzz.ei.ExecutionIndexingGuidanceTest" time="0.051" tests="6" errors="0" skipped="0" failures="0">
  <properties>
[...]
</properties>
  <testcase name="testPrefixOfSuffix" classname="edu.berkeley.cs.jqf.fuzz.ei.ExecutionIndexingGuidanceTest" time="0.015"/>
  <testcase name="testClone" classname="edu.berkeley.cs.jqf.fuzz.ei.ExecutionIndexingGuidanceTest" time="0.001"/>
  <testcase name="testGetOrFresh" classname="edu.berkeley.cs.jqf.fuzz.ei.ExecutionIndexingGuidanceTest" time="0.005"/>
  <testcase name="testGc" classname="edu.berkeley.cs.jqf.fuzz.ei.ExecutionIndexingGuidanceTest" time="0.004"/>
  <testcase name="testExecutionContexts" classname="edu.berkeley.cs.jqf.fuzz.ei.ExecutionIndexingGuidanceTest" time="0.003"/>
  <testcase name="testCommonSuffix" classname="edu.berkeley.cs.jqf.fuzz.ei.ExecutionIndexingGuidanceTest" time="0.006"/>
</testsuite>